<?xml version="1.0" encoding="UTF-8"?>
<testsuite xmlns:xsi="http://www.w3.org/2001/XMLSchema-instance" xsi:noNamespaceSchemaLocation="https://maven.apache.org/surefire/maven-surefire-plugin/xsd/surefire-test-report-3.0.xsd" version="3.0" name="com.example.pizzapp.PizzAppApplicationTests" time="11.431" tests="1" errors="0" skipped="0" failures="0">
  <properties>
[...]
</properties>
  <testcase name="contextLoads" classname="com.example.pizzapp.PizzAppApplicationTests" time="0.8">
    <system-out><![CDATA[11:59:28.385 [main] INFO org.springframework.test.context.support.AnnotationConfigContextLoaderUtils -- Could not detect default configuration classes for test class [com.example.pizzapp.PizzAppApplicationTests]: PizzAppApplicationTests does not declare any static, non-private, non-final, nested classes annotated with @Configuration.
11:59:28.528 [main] INFO org.springframework.boot.test.context.SpringBootTestContextBootstrapper -- Found @SpringBootConfiguration com.example.pizzapp.PizzAppApplication for test class com.example.pizzapp.PizzAppApplicationTests
11:59:28.776 [main] INFO org.springframework.boot.devtools.restart.RestartApplicationListener -- Restart disabled due to context in which it is running
  .   ____          _            __ _ _
 /\\ / ___'_ __ _ _(_)_ __  __ _ \ \ \ \
( ( )\___ | '_ | '_| | '_ \/ _` | \ \ \ \
 \\/  ___)| |_)| | | | | || (_| |  ) ) ) )
  '  |____| .__|_| |_|_| |_\__, | / / / /
 =========|_|==============|___/=/_/_/_/

 :: Spring Boot ::                (v3.3.0)

2024-06-13T11:59:29.325+03:00  INFO 16348 --- [           main] c.e.pizzapp.PizzAppApplicationTests      : Starting PizzAppApplicationTests using Java 21.0.2 with PID 16348 (started by kidlo in C:\Users\kidlo\OneDrive\Desktop\BsuirPractice\PizzApp)
2024-06-13T11:59:29.337+03:00  INFO 16348 --- [           main] c.e.pizzapp.PizzAppApplicationTests      : No active profile set, falling back to 1 default profile: "default"
2024-06-13T11:59:34.469+03:00  INFO 16348 --- [           main] .s.d.r.c.RepositoryConfigurationDelegate : Bootstrapping Spring Data JPA repositories in DEFAULT mode.
2024-06-13T11:59:34.501+03:00  INFO 16348 --- [           main] .s.d.r.c.RepositoryConfigurationDelegate : Finished Spring Data repository scanning in 19 ms. Found 0 JPA repository interfaces.
2024-06-13T11:59:35.111+03:00  INFO 16348 --- [           main] com.zaxxer.hikari.HikariDataSource       : HikariPool-1 - Starting...
2024-06-13T11:59:35.381+03:00  INFO 16348 --- [           main] com.zaxxer.hikari.pool.HikariPool        : HikariPool-1 - Added connection org.postgresql.jdbc.PgConnection@5f0a2638
2024-06-13T11:59:35.384+03:00  INFO 16348 --- [           main] com.zaxxer.hikari.HikariDataSource       : HikariPool-1 - Start completed.
2024-06-13T11:59:35.593+03:00  INFO 16348 --- [           main] liquibase.database                       : Set default schema name to public
2024-06-13T11:59:36.402+03:00  INFO 16348 --- [           main] liquibase.changelog                      : Reading from public.databasechangelog
2024-06-13T11:59:36.464+03:00  INFO 16348 --- [           main] liquibase.ui                             : Database is up to date, no changesets to execute
2024-06-13T11:59:36.467+03:00  INFO 16348 --- [           main] liquibase.changelog                      : Reading from public.databasechangelog
2024-06-13T11:59:36.480+03:00  INFO 16348 --- [           main] liquibase.util                           : UPDATE SUMMARY
2024-06-13T11:59:36.480+03:00  INFO 16348 --- [           main] liquibase.util                           : Run:                          0
2024-06-13T11:59:36.480+03:00  INFO 16348 --- [           main] liquibase.util                           : Previously run:               5
2024-06-13T11:59:36.480+03:00  INFO 16348 --- [           main] liquibase.util                           : Filtered out:                 0
2024-06-13T11:59:36.480+03:00  INFO 16348 --- [           main] liquibase.util                           : -------------------------------
2024-06-13T11:59:36.480+03:00  INFO 16348 --- [           main] liquibase.util                           : Total change sets:            5
2024-06-13T11:59:36.481+03:00  INFO 16348 --- [           main] liquibase.util                           : Update summary generated
2024-06-13T11:59:36.517+03:00  INFO 16348 --- [           main] liquibase.lockservice                    : Successfully released change log lock
2024-06-13T11:59:36.520+03:00  INFO 16348 --- [           main] liquibase.command                        : Command execution complete
2024-06-13T11:59:36.715+03:00  INFO 16348 --- [           main] o.hibernate.jpa.internal.util.LogHelper  : HHH000204: Processing PersistenceUnitInfo [name: default]
2024-06-13T11:59:36.814+03:00  INFO 16348 --- [           main] org.hibernate.Version                    : HHH000412: Hibernate ORM core version 6.5.2.Final
2024-06-13T11:59:36.874+03:00  INFO 16348 --- [           main] o.h.c.internal.RegionFactoryInitiator    : HHH000026: Second-level cache disabled
2024-06-13T11:59:37.384+03:00  INFO 16348 --- [           main] o.s.o.j.p.SpringPersistenceUnitInfo      : No LoadTimeWeaver setup: ignoring JPA class transformer
2024-06-13T11:59:37.905+03:00  INFO 16348 --- [           main] o.h.e.t.j.p.i.JtaPlatformInitiator       : HHH000489: No JTA platform available (set 'hibernate.transaction.jta.platform' to enable JTA platform integration)
2024-06-13T11:59:37.911+03:00  INFO 16348 --- [           main] j.LocalContainerEntityManagerFactoryBean : Initialized JPA EntityManagerFactory for persistence unit 'default'
2024-06-13T11:59:38.108+03:00  WARN 16348 --- [           main] JpaBaseConfiguration$JpaWebConfiguration : spring.jpa.open-in-view is enabled by default. Therefore, database queries may be performed during view rendering. Explicitly configure spring.jpa.open-in-view to disable this warning
2024-06-13T11:59:38.587+03:00  WARN 16348 --- [           main] ion$DefaultTemplateResolverConfiguration : Cannot find template location: classpath:/templates/ (please add some templates, check your Thymeleaf configuration, or set spring.thymeleaf.check-template-location=false)
2024-06-13T11:59:38.745+03:00  INFO 16348 --- [           main] c.e.pizzapp.PizzAppApplicationTests      : Started PizzAppApplicationTests in 9.991 seconds (process running for 11.311)
]]></system-out>
    <system-err><![CDATA[WARNING: A Java agent has been loaded dynamically (C:\Users\kidlo\.m2\repository\net\bytebuddy\byte-buddy-agent\1.14.16\byte-buddy-agent-1.14.16.jar)
WARNING: If a serviceability tool is in use, please run with -XX:+EnableDynamicAgentLoading to hide this warning
WARNING: If a serviceability tool is not in use, please run with -Djdk.instrument.traceUsage for more information
WARNING: Dynamic loading of agents will be disallowed by default in a future release
]]></system-err>
  </testcase>
</testsuite>